Determining if the pthread_create exist failed with the following output:
Change Dir: /home/byrdie/school/CSCI442_Robot_Vision/CSCI_442_penalty_kick/build-naoqi_sdk/CMakeFiles/CMakeTmp

Run Build Command:/usr/bin/make "cmTryCompileExec323270409/fast"
/usr/bin/make -f CMakeFiles/cmTryCompileExec323270409.dir/build.make CMakeFiles/cmTryCompileExec323270409.dir/build
make[1]: Entering directory `/home/byrdie/school/CSCI442_Robot_Vision/CSCI_442_penalty_kick/build-naoqi_sdk/CMakeFiles/CMakeTmp'
/usr/bin/cmake -E cmake_progress_report /home/byrdie/school/CSCI442_Robot_Vision/CSCI_442_penalty_kick/build-naoqi_sdk/CMakeFiles/CMakeTmp/CMakeFiles 1
Building C object CMakeFiles/cmTryCompileExec323270409.dir/CheckSymbolExists.c.o
/usr/bin/cc    -o CMakeFiles/cmTryCompileExec323270409.dir/CheckSymbolExists.c.o   -c /home/byrdie/school/CSCI442_Robot_Vision/CSCI_442_penalty_kick/build-naoqi_sdk/CMakeFiles/CMakeTmp/CheckSymbolExists.c
Linking C executable cmTryCompileExec323270409
/usr/bin/cmake -E cmake_link_script CMakeFiles/cmTryCompileExec323270409.dir/link.txt --verbose=1
/usr/bin/cc       CMakeFiles/cmTryCompileExec323270409.dir/CheckSymbolExists.c.o  -o cmTryCompileExec323270409 -rdynamic 
CMakeFiles/cmTryCompileExec323270409.dir/CheckSymbolExists.c.o: In function `main':
CheckSymbolExists.c:(.text+0x16): undefined reference to `pthread_create'
collect2: error: ld returned 1 exit status
make[1]: *** [cmTryCompileExec323270409] Error 1
make[1]: Leaving directory `/home/byrdie/school/CSCI442_Robot_Vision/CSCI_442_penalty_kick/build-naoqi_sdk/CMakeFiles/CMakeTmp'
make: *** [cmTryCompileExec323270409/fast] Error 2

File /home/byrdie/school/CSCI442_Robot_Vision/CSCI_442_penalty_kick/build-naoqi_sdk/CMakeFiles/CMakeTmp/CheckSymbolExists.c:
/* */
#include <pthread.h>

int main(int argc, char** argv)
{
  (void)argv;
#ifndef pthread_create
  return ((int*)(&pthread_create))[argc];
#else
  (void)argc;
  return 0;
#endif
}

Determining if the function pthread_create exists in the pthreads failed with the following output:
Change Dir: /home/byrdie/school/CSCI442_Robot_Vision/CSCI_442_penalty_kick/build-naoqi_sdk/CMakeFiles/CMakeTmp

Run Build Command:/usr/bin/make "cmTryCompileExec3414630824/fast"
/usr/bin/make -f CMakeFiles/cmTryCompileExec3414630824.dir/build.make CMakeFiles/cmTryCompileExec3414630824.dir/build
make[1]: Entering directory `/home/byrdie/school/CSCI442_Robot_Vision/CSCI_442_penalty_kick/build-naoqi_sdk/CMakeFiles/CMakeTmp'
/usr/bin/cmake -E cmake_progress_report /home/byrdie/school/CSCI442_Robot_Vision/CSCI_442_penalty_kick/build-naoqi_sdk/CMakeFiles/CMakeTmp/CMakeFiles 1
Building C object CMakeFiles/cmTryCompileExec3414630824.dir/CheckFunctionExists.c.o
/usr/bin/cc   -DCHECK_FUNCTION_EXISTS=pthread_create   -o CMakeFiles/cmTryCompileExec3414630824.dir/CheckFunctionExists.c.o   -c /usr/share/cmake-2.8/Modules/CheckFunctionExists.c
Linking C executable cmTryCompileExec3414630824
/usr/bin/cmake -E cmake_link_script CMakeFiles/cmTryCompileExec3414630824.dir/link.txt --verbose=1
/usr/bin/cc   -DCHECK_FUNCTION_EXISTS=pthread_create    CMakeFiles/cmTryCompileExec3414630824.dir/CheckFunctionExists.c.o  -o cmTryCompileExec3414630824 -rdynamic -lpthreads 
/usr/bin/ld: cannot find -lpthreads
collect2: error: ld returned 1 exit status
make[1]: Leaving directory `/home/byrdie/school/CSCI442_Robot_Vision/CSCI_442_penalty_kick/build-naoqi_sdk/CMakeFiles/CMakeTmp'
make[1]: *** [cmTryCompileExec3414630824] Error 1
make: *** [cmTryCompileExec3414630824/fast] Error 2


